TN:
SF:app/controllers/category.controller.js
FN:5,(anonymous_0)
FN:6,(anonymous_1)
FN:15,(anonymous_2)
FN:16,(anonymous_3)
FNF:4
FNH:4
FNDA:2,(anonymous_0)
FNDA:2,(anonymous_1)
FNDA:2,(anonymous_2)
FNDA:2,(anonymous_3)
DA:3,1
DA:5,1
DA:6,2
DA:7,2
DA:8,1
DA:10,1
DA:15,1
DA:16,2
DA:17,2
DA:18,1
DA:20,1
LF:11
LH:11
BRDA:7,0,0,1
BRDA:7,0,1,1
BRDA:17,1,0,1
BRDA:17,1,1,1
BRF:4
BRH:4
end_of_record
TN:
SF:app/controllers/todo.controller.js
FN:5,(anonymous_0)
FN:6,(anonymous_1)
FN:15,(anonymous_2)
FN:17,(anonymous_3)
FN:22,(anonymous_4)
FN:33,(anonymous_5)
FN:42,(anonymous_6)
FN:43,(anonymous_7)
FN:52,(anonymous_8)
FN:53,(anonymous_9)
FNF:10
FNH:8
FNDA:2,(anonymous_0)
FNDA:2,(anonymous_1)
FNDA:0,(anonymous_2)
FNDA:0,(anonymous_3)
FNDA:2,(anonymous_4)
FNDA:2,(anonymous_5)
FNDA:2,(anonymous_6)
FNDA:2,(anonymous_7)
FNDA:2,(anonymous_8)
FNDA:2,(anonymous_9)
DA:3,1
DA:5,1
DA:6,2
DA:7,2
DA:8,1
DA:10,1
DA:15,1
DA:16,0
DA:17,0
DA:18,0
DA:22,1
DA:23,2
DA:24,2
DA:33,2
DA:34,2
DA:35,1
DA:37,1
DA:42,1
DA:43,2
DA:44,2
DA:45,1
DA:47,1
DA:52,1
DA:53,2
DA:54,2
DA:55,1
DA:57,1
LF:27
LH:24
BRDA:7,0,0,1
BRDA:7,0,1,1
BRDA:34,1,0,1
BRDA:34,1,1,1
BRDA:44,2,0,1
BRDA:44,2,1,1
BRDA:54,3,0,1
BRDA:54,3,1,1
BRF:8
BRH:8
end_of_record
TN:
SF:app/routes/category.js
FNF:0
FNH:0
DA:3,1
DA:4,1
DA:5,1
DA:7,1
DA:10,1
DA:13,1
LF:6
LH:6
BRF:0
BRH:0
end_of_record
TN:
SF:app/routes/todo.js
FN:7,(anonymous_0)
FNF:1
FNH:1
FNDA:8,(anonymous_0)
DA:3,1
DA:4,1
DA:5,1
DA:7,1
DA:8,8
DA:9,8
DA:12,1
DA:15,1
DA:18,1
DA:21,1
DA:24,1
DA:27,1
LF:12
LH:12
BRF:0
BRH:0
end_of_record
